\BOOKMARK [1][-]{section.1}{\376\377\000P\000h\000o\000n\000o\000l\000o\000g\000y\000\040\000a\000n\000d\000\040\000E\000v\000o\000l\000u\000t\000i\000o\000n\000\040\000f\000r\000o\000m\000\040\000M\000o\000d\000e\000r\000n\000\040\000P\000s\000e\000u\000d\000o\000-\000F\000r\000e\000n\000c\000h}{}% 1
\BOOKMARK [2][-]{subsection.1.1}{\376\377\000P\000r\000o\000n\000u\000n\000c\000i\000a\000t\000i\000o\000n\000,\000\040\000A\000l\000l\000o\000p\000h\000o\000n\000y\000,\000\040\000a\000n\000d\000\040\000S\000t\000r\000e\000s\000s}{section.1}% 2
\BOOKMARK [2][-]{subsection.1.2}{\376\377\000O\000r\000t\000h\000o\000g\000r\000a\000p\000h\000y}{section.1}% 3
\BOOKMARK [3][-]{subsubsection.1.2.1}{\376\377\000L\000e\000n\000i\000t\000i\000o\000n\000\040\000a\000n\000d\000\040\000N\000a\000s\000a\000l\000i\000s\000a\000t\000i\000o\000n}{subsection.1.2}% 4
\BOOKMARK [3][-]{subsubsection.1.2.2}{\376\377\000G\000l\000o\000s\000s\000i\000n\000g}{subsection.1.2}% 5
\BOOKMARK [2][-]{subsection.1.3}{\376\377\000D\000i\000a\000c\000h\000r\000o\000n\000y\000\040\000a\000n\000d\000\040\000D\000e\000r\000i\000v\000a\000t\000i\000o\000n}{section.1}% 6
\BOOKMARK [1][-]{section.2}{\376\377\000A\000c\000c\000i\000d\000e\000n\000c\000e}{}% 7
\BOOKMARK [2][-]{subsection.2.1}{\376\377\000N\000o\000u\000n\000\040\000M\000o\000r\000p\000h\000o\000l\000o\000g\000y}{section.2}% 8
\BOOKMARK [3][-]{subsubsection.2.1.1}{\376\377\000D\000e\000c\000l\000e\000n\000s\000i\000o\000n}{subsection.2.1}% 9
\BOOKMARK [2][-]{subsection.2.2}{\376\377\000A\000d\000j\000e\000c\000t\000i\000v\000e\000s}{section.2}% 10
\BOOKMARK [3][-]{subsubsection.2.2.1}{\376\377\000C\000o\000m\000p\000a\000r\000i\000s\000o\000n}{subsection.2.2}% 11
\BOOKMARK [3][-]{subsubsection.2.2.2}{\376\377\000C\000o\000n\000s\000t\000r\000u\000c\000t\000i\000o\000n\000s}{subsection.2.2}% 12
\BOOKMARK [2][-]{subsection.2.3}{\376\377\000V\000e\000r\000b\000a\000l\000\040\000M\000o\000r\000p\000h\000o\000l\000o\000g\000y}{section.2}% 13
\BOOKMARK [3][-]{subsubsection.2.3.1}{\376\377\000A\000c\000t\000i\000v\000e\000/\000P\000a\000s\000s\000i\000v\000e\000\040\000A\000f\000f\000i\000x\000e\000s}{subsection.2.3}% 14
\BOOKMARK [2][-]{subsection.2.4}{\376\377\000T\000e\000n\000s\000e\000\040\000a\000n\000d\000\040\000A\000s\000p\000e\000c\000t\000\040\000M\000a\000r\000k\000i\000n\000g}{section.2}% 15
\BOOKMARK [3][-]{subsubsection.2.4.1}{\376\377\000S\000u\000f\000f\000i\000x\000e\000d\000\040\000T\000e\000n\000s\000e\000s}{subsection.2.4}% 16
\BOOKMARK [3][-]{subsubsection.2.4.2}{\376\377\000P\000r\000e\000t\000e\000r\000i\000t\000e\000\040\000A\000n\000t\000e\000r\000i\000o\000r}{subsection.2.4}% 17
\BOOKMARK [3][-]{subsubsection.2.4.3}{\376\377\000F\000u\000t\000u\000r\000e\000\040\000I}{subsection.2.4}% 18
\BOOKMARK [3][-]{subsubsection.2.4.4}{\376\377\000F\000u\000t\000u\000r\000e\000\040\000I\000I}{subsection.2.4}% 19
\BOOKMARK [3][-]{subsubsection.2.4.5}{\376\377\000F\000u\000t\000u\000r\000e\000\040\000A\000n\000t\000e\000r\000i\000o\000r}{subsection.2.4}% 20
\BOOKMARK [3][-]{subsubsection.2.4.6}{\376\377\000C\000o\000n\000d\000i\000t\000i\000o\000n\000a\000l\000\040\000I\000\040\000a\000n\000d\000\040\000I\000I}{subsection.2.4}% 21
\BOOKMARK [2][-]{subsection.2.5}{\376\377\000M\000i\000s\000c\000e\000l\000l\000a\000n\000e\000o\000u\000s\000\040\000F\000o\000r\000m\000s}{section.2}% 22
\BOOKMARK [3][-]{subsubsection.2.5.1}{\376\377\000T\000h\000e\000\040\000G\000n\000o\000m\000i\000c}{subsection.2.5}% 23
\BOOKMARK [3][-]{subsubsection.2.5.2}{\376\377\000D\000a\000t\000i\000v\000e\000\040\000A\000f\000f\000i\000x\000e\000s}{subsection.2.5}% 24
\BOOKMARK [3][-]{subsubsection.2.5.3}{\376\377\000I\000m\000p\000e\000r\000a\000t\000i\000v\000e}{subsection.2.5}% 25
\BOOKMARK [2][-]{subsection.2.6}{\376\377\000S\000u\000b\000j\000u\000n\000c\000t\000i\000v\000e}{section.2}% 26
\BOOKMARK [3][-]{subsubsection.2.6.1}{\376\377\000R\000e\000p\000o\000r\000t\000e\000d\000\040\000S\000p\000e\000e\000c\000h}{subsection.2.6}% 27
\BOOKMARK [3][-]{subsubsection.2.6.2}{\376\377\000D\000e\000p\000e\000n\000d\000e\000n\000t\000\040\000C\000l\000a\000u\000s\000e\000s}{subsection.2.6}% 28
\BOOKMARK [3][-]{subsubsection.2.6.3}{\376\377\000D\000e\000o\000n\000t\000i\000c\000\040\000M\000o\000d\000a\000l\000i\000t\000y}{subsection.2.6}% 29
\BOOKMARK [3][-]{subsubsection.2.6.4}{\376\377\000N\000e\000g\000a\000t\000i\000o\000n}{subsection.2.6}% 30
\BOOKMARK [3][-]{subsubsection.2.6.5}{\376\377\000I\000n\000f\000i\000n\000i\000t\000i\000v\000e}{subsection.2.6}% 31
\BOOKMARK [2][-]{subsection.2.7}{\376\377\000O\000p\000t\000a\000t\000i\000v\000e}{section.2}% 32
\BOOKMARK [3][-]{subsubsection.2.7.1}{\376\377\000W\000i\000s\000h\000e\000s\000\040\000a\000n\000d\000\040\000H\000o\000p\000e\000s}{subsection.2.7}% 33
\BOOKMARK [3][-]{subsubsection.2.7.2}{\376\377\000D\000e\000p\000e\000n\000d\000e\000n\000t\000\040\000C\000l\000a\000u\000s\000e\000s}{subsection.2.7}% 34
\BOOKMARK [3][-]{subsubsection.2.7.3}{\376\377\000N\000e\000g\000a\000t\000i\000o\000n\000\040\000a\000n\000d\000\040\000V\000e\000r\000b\000s\000\040\000o\000f\000\040\000F\000e\000a\000r\000i\000n\000g}{subsection.2.7}% 35
\BOOKMARK [2][-]{subsection.2.8}{\376\377\000T\000h\000e\000\040\000C\000o\000n\000j\000u\000g\000a\000t\000i\000o\000n\000\040\000o\000f\000\040\000t\000h\000e\000\040\000C\000o\000p\000u\000l\000a\000\040\000e\036\015}{section.2}% 36
\BOOKMARK [2][-]{subsection.2.9}{\376\377\000N\000u\000m\000e\000r\000a\000l\000s}{section.2}% 37
\BOOKMARK [2][-]{subsection.2.10}{\376\377\000P\000r\000o\000n\000o\000u\000n\000s}{section.2}% 38
\BOOKMARK [3][-]{subsubsection.2.10.1}{\376\377\000P\000e\000r\000s\000o\000n\000a\000l\000\040\000p\000r\000o\000n\000o\000u\000n\000s}{subsection.2.10}% 39
\BOOKMARK [3][-]{subsubsection.2.10.2}{\376\377\000P\000o\000s\000s\000e\000s\000s\000i\000v\000e\000\040\000P\000r\000o\000n\000o\000u\000n\000s}{subsection.2.10}% 40
\BOOKMARK [3][-]{subsubsection.2.10.3}{\376\377\000D\000e\000m\000o\000n\000s\000t\000r\000a\000t\000i\000v\000e\000\040\000P\000r\000o\000n\000o\000u\000n\000s}{subsection.2.10}% 41
\BOOKMARK [3][-]{subsubsection.2.10.4}{\376\377\000R\000e\000l\000a\000t\000i\000v\000e\000\040\000P\000r\000o\000n\000o\000u\000n}{subsection.2.10}% 42
\BOOKMARK [3][-]{subsubsection.2.10.5}{\376\377\000I\000n\000t\000e\000r\000r\000o\000g\000a\000t\000i\000v\000e\000\040\000P\000r\000o\000n\000o\000u\000n}{subsection.2.10}% 43
\BOOKMARK [2][-]{subsection.2.11}{\376\377\000S\000u\000m\000m\000a\000r\000y\000\040\000o\000f\000\040\000C\000o\000a\000l\000e\000s\000c\000e\000n\000c\000e\000\040\000R\000u\000l\000e\000s}{section.2}% 44
\BOOKMARK [1][-]{section.3}{\376\377\000S\000y\000n\000t\000a\000x}{}% 45
\BOOKMARK [2][-]{subsection.3.1}{\376\377\000N\000o\000u\000n\000\040\000P\000h\000r\000a\000s\000e\000s}{section.3}% 46
\BOOKMARK [3][-]{subsubsection.3.1.1}{\376\377\000N\000a\000m\000e\000s\000\040\000a\000n\000d\000\040\000T\000i\000t\000l\000e\000s}{subsection.3.1}% 47
\BOOKMARK [2][-]{subsection.3.2}{\376\377\000I\000n\000d\000e\000p\000e\000n\000d\000e\000n\000t\000\040\000C\000l\000a\000u\000s\000e\000s}{section.3}% 48
\BOOKMARK [2][-]{subsection.3.3}{\376\377\000N\000e\000g\000a\000t\000e\000d\000\040\000C\000l\000a\000u\000s\000e\000s}{section.3}% 49
\BOOKMARK [2][-]{subsection.3.4}{\376\377\000I\000n\000t\000e\000r\000r\000o\000g\000a\000t\000i\000v\000e\000\040\000C\000l\000a\000u\000s\000e\000s}{section.3}% 50
\BOOKMARK [2][-]{subsection.3.5}{\376\377\000S\000u\000b\000o\000r\000d\000i\000n\000a\000t\000i\000o\000n\000\040\000a\000n\000d\000\040\000C\000o\000o\000r\000d\000i\000n\000a\000t\000i\000o\000n}{section.3}% 51
\BOOKMARK [2][-]{subsection.3.6}{\376\377\000A\000C\000I\000\040\000a\000n\000d\000\040\000P\000C\000I}{section.3}% 52
\BOOKMARK [2][-]{subsection.3.7}{\376\377\000C\000o\000n\000d\000i\000t\000i\000o\000n\000a\000l\000s}{section.3}% 53
\BOOKMARK [1][-]{section.4}{\376\377\000E\000x\000a\000m\000p\000l\000e\000s}{}% 54
\BOOKMARK [2][-]{subsection.4.1}{\376\377\000S\000i\000m\000p\000l\000e\000\040\000E\000x\000a\000m\000p\000l\000e\000s}{section.4}% 55
\BOOKMARK [3][-]{subsubsection.4.1.1}{\376\377\000S\000i\000m\000p\000l\000e\000\040\000G\000l\000o\000s\000s\000i\000n\000g\000\040\000E\000x\000a\000m\000p\000l\000e}{subsection.4.1}% 56
\BOOKMARK [3][-]{subsubsection.4.1.2}{\376\377\000I\000\040\000D\000o\000n\040\031\000t\000\040\000T\000h\000i\000n\000k\000\040\000T\000h\000i\000s\000\040\000W\000a\000r\000r\000a\000n\000t\000s\000\040\000E\000x\000p\000l\000a\000i\000n\000i\000n\000g}{subsection.4.1}% 57
\BOOKMARK [2][-]{subsection.4.2}{\376\377\000C\000o\000p\000y\000p\000a\000s\000t\000a\000\040\000T\000r\000a\000n\000s\000l\000a\000t\000i\000o\000n}{section.4}% 58
\BOOKMARK [3][-]{subsubsection.4.2.1}{\376\377\000G\000l\000o\000s\000s}{subsection.4.2}% 59
\BOOKMARK [3][-]{subsubsection.4.2.2}{\376\377\000T\000r\000a\000n\000s\000l\000a\000t\000i\000o\000n}{subsection.4.2}% 60
\BOOKMARK [3][-]{subsubsection.4.2.3}{\376\377\000L\000i\000t\000e\000r\000a\000l\000\040\000T\000r\000a\000n\000s\000l\000a\000t\000i\000o\000n}{subsection.4.2}% 61
\BOOKMARK [1][-]{section.5}{\376\377\000D\000i\000c\000t\000i\000o\000n\000a\000r\000y}{}% 62
